
Showing logs for build [32mcb-kubecd-environment-pr-483-6-6ctfs-1[0m stage [32mfrom-build-pack[0m and container [32mstep-credential-initializer-54mfm[0m
{"level":"warn","ts":1586359031.3936646,"logger":"fallback-logger","caller":"logging/config.go:69","msg":"Fetch GitHub commit ID from kodata failed: \"ref: refs/heads/0.8.0-**-support-backwards-incompats\" is not a valid GitHub commit ID"}
{"level":"info","ts":1586359031.3944643,"logger":"fallback-logger","caller":"creds-init/main.go:40","msg":"Credentials initialized."}

Showing logs for build [32mcb-kubecd-environment-pr-483-6-6ctfs-1[0m stage [32mfrom-build-pack[0m and container [32mstep-working-dir-initializer-6dmbq[0m
{"level":"warn","ts":1586359032.271815,"logger":"fallback-logger","caller":"logging/config.go:69","msg":"Fetch GitHub commit ID from kodata failed: open /var/run/ko/HEAD: no such file or directory"}
{"level":"info","ts":1586359032.2743194,"logger":"fallback-logger","caller":"bash/main.go:64","msg":"Successfully executed command \"sh -c mkdir -p /workspace/source\"; output "}

Showing logs for build [32mcb-kubecd-environment-pr-483-6-6ctfs-1[0m stage [32mfrom-build-pack[0m and container [32mstep-place-tools[0m

Showing logs for build [32mcb-kubecd-environment-pr-483-6-6ctfs-1[0m stage [32mfrom-build-pack[0m and container [32mstep-git-source-cb-kubecd-environment-pr-483-6-6ctfs-pm66r[0m
{"level":"warn","ts":1586359037.440403,"logger":"fallback-logger","caller":"logging/config.go:69","msg":"Fetch GitHub commit ID from kodata failed: \"ref: refs/heads/0.8.0-**-support-backwards-incompats\" is not a valid GitHub commit ID"}
{"level":"info","ts":1586359038.5062258,"logger":"fallback-logger","caller":"git/git.go:103","msg":"Successfully cloned https://github.com/cb-kubecd/environment-pr-483-6-bdd-frontend-staging.git @ master in path /workspace/source"}

Showing logs for build [32mcb-kubecd-environment-pr-483-6-6ctfs-1[0m stage [32mfrom-build-pack[0m and container [32mstep-git-merge[0m
Using SHAs from PULL_REFS=master:df2710761096e5391228fda9306691f86981209d,1:3ae20751dc43a631f233149d87a4ca19e1f8c6d2
DEBUG: LC_ALL=C JX_LOG_LEVEL=error git fetch origin --unshallow 3ae20751dc43a631f233149d87a4ca19e1f8c6d2: df2710761096e5391228fda9306691f86981209d:
DEBUG: ran git fetch --unshallow origin 3ae20751dc43a631f233149d87a4ca19e1f8c6d2: df2710761096e5391228fda9306691f86981209d: in 
DEBUG: LC_ALL=C JX_LOG_LEVEL=error git branch
DEBUG: LC_ALL=C JX_LOG_LEVEL=error git checkout master
DEBUG: ran git checkout master in 
DEBUG: LC_ALL=C JX_LOG_LEVEL=error git reset --hard df2710761096e5391228fda9306691f86981209d
DEBUG: ran git reset --hard df2710761096e5391228fda9306691f86981209d in 
DEBUG: LC_ALL=C JX_LOG_LEVEL=error git clean -fd .
DEBUG: ran clean --force -d . in 
DEBUG: LC_ALL=C JX_LOG_LEVEL=error git merge 3ae20751dc43a631f233149d87a4ca19e1f8c6d2
DEBUG: ran git merge 3ae20751dc43a631f233149d87a4ca19e1f8c6d2 in 
DEBUG: LC_ALL=C JX_LOG_LEVEL=error git log --format=%H%x1f%an%x1f%ae%x1f%cn%x1f%ce%x1f%s%n%b%x1e df2710761096e5391228fda9306691f86981209d..HEAD
Merged SHA 3ae20751dc43a631f233149d87a4ca19e1f8c6d2 with commit message 'chore: Promote bdd-nh-1586357969 to version 0.0.1' into base branch master

Showing logs for build [32mcb-kubecd-environment-pr-483-6-6ctfs-1[0m stage [32mfrom-build-pack[0m and container [32mstep-build-helm-build[0m
WARNING: No $CHART_REPOSITORY defined so using the default value of: http://jenkins-x-chartmuseum:8080
Adding missing Helm repo: storage.googleapis.com https://storage.googleapis.com/chartmuseum.jenkins-x.io
WARNING: No secrets found on "helm/repos" due: reading the secret "helm/repos" from vault: no secret "helm/repos" not found in vault
Read credentials for https://storage.googleapis.com/chartmuseum.jenkins-x.io from vault helm/repos
Successfully added Helm repository storage.googleapis.com.
Adding missing Helm repo: jenkins-x-chartmuseum http://jenkins-x-chartmuseum:8080
WARNING: No secrets found on "helm/repos" due: reading the secret "helm/repos" from vault: no secret "helm/repos" not found in vault
Read credentials for http://jenkins-x-chartmuseum:8080 from vault helm/repos
Successfully added Helm repository jenkins-x-chartmuseum.
WARNING: No $CHART_REPOSITORY defined so using the default value of: http://jenkins-x-chartmuseum:8080
Adding missing Helm repo: chartmuseum.jenkins-x.io http://chartmuseum.jenkins-x.io
WARNING: No secrets found on "helm/repos" due: reading the secret "helm/repos" from vault: no secret "helm/repos" not found in vault
Read credentials for http://chartmuseum.jenkins-x.io from vault helm/repos
Successfully added Helm repository chartmuseum.jenkins-x.io.
